# JRE version: OpenJDK Runtime Environment Temurin-11.0.12+7 (11.0.12+7) (build 11.0.12+7)
# Java VM: OpenJDK 64-Bit Server VM Temurin-11.0.12+7 (11.0.12+7, mixed mode, tiered, compressed oops, parallel gc, bsd-amd64)
Heap:
 PSYoungGen      total 24064K, used 210K [0x00000007eab00000, 0x00000007ecb80000, 0x0000000800000000)
  eden space 23040K, 0% used [0x00000007eab00000,0x00000007eab34b10,0x00000007ec180000)
  from space 1024K, 0% used [0x00000007ec500000,0x00000007ec500000,0x00000007ec600000)
  to   space 2048K, 0% used [0x00000007ec980000,0x00000007ec980000,0x00000007ecb80000)
 ParOldGen       total 68608K, used 22388K [0x00000007c0000000, 0x00000007c4300000, 0x00000007eab00000)
  object space 68608K, 32% used [0x00000007c0000000,0x00000007c15dd150,0x00000007c4300000)
 Metaspace       used 33243K, capacity 35283K, committed 35672K, reserved 1081344K
  class space    used 3162K, capacity 3898K, committed 3968K, reserved 1048576K
GC Heap History (20 events):
Event: 2.716 GC heap before
{Heap before GC invocations=4 (full 1):
 PSYoungGen      total 29696K, used 25600K [0x00000007eab00000, 0x00000007ecc00000, 0x0000000800000000)
  eden space 25600K, 100% used [0x00000007eab00000,0x00000007ec400000,0x00000007ec400000)
  from space 4096K, 0% used [0x00000007ec800000,0x00000007ec800000,0x00000007ecc00000)
  to   space 4096K, 0% used [0x00000007ec400000,0x00000007ec400000,0x00000007ec800000)
 ParOldGen       total 68608K, used 6378K [0x00000007c0000000, 0x00000007c4300000, 0x00000007eab00000)
  object space 68608K, 9% used [0x00000007c0000000,0x00000007c063aab8,0x00000007c4300000)
 Metaspace       used 27114K, capacity 28769K, committed 29056K, reserved 1075200K
  class space    used 2604K, capacity 3153K, committed 3200K, reserved 1048576K
}
Event: 2.720 GC heap after
{Heap after GC invocations=4 (full 1):
 PSYoungGen      total 29696K, used 2508K [0x00000007eab00000, 0x00000007ecc00000, 0x0000000800000000)
  eden space 25600K, 0% used [0x00000007eab00000,0x00000007eab00000,0x00000007ec400000)
  from space 4096K, 61% used [0x00000007ec400000,0x00000007ec673260,0x00000007ec800000)
  to   space 4096K, 0% used [0x00000007ec800000,0x00000007ec800000,0x00000007ecc00000)
 ParOldGen       total 68608K, used 6378K [0x00000007c0000000, 0x00000007c4300000, 0x00000007eab00000)
  object space 68608K, 9% used [0x00000007c0000000,0x00000007c063aab8,0x00000007c4300000)
 Metaspace       used 27114K, capacity 28769K, committed 29056K, reserved 1075200K
  class space    used 2604K, capacity 3153K, committed 3200K, reserved 1048576K
}
Event: 3.404 GC heap before
{Heap before GC invocations=5 (full 1):
 PSYoungGen      total 29696K, used 28108K [0x00000007eab00000, 0x00000007ecc00000, 0x0000000800000000)
  eden space 25600K, 100% used [0x00000007eab00000,0x00000007ec400000,0x00000007ec400000)
  from space 4096K, 61% used [0x00000007ec400000,0x00000007ec673260,0x00000007ec800000)
  to   space 4096K, 0% used [0x00000007ec800000,0x00000007ec800000,0x00000007ecc00000)
 ParOldGen       total 68608K, used 6378K [0x00000007c0000000, 0x00000007c4300000, 0x00000007eab00000)
  object space 68608K, 9% used [0x00000007c0000000,0x00000007c063aab8,0x00000007c4300000)
 Metaspace       used 30739K, capacity 32558K, committed 32896K, reserved 1079296K
  class space    used 2978K, capacity 3648K, committed 3712K, reserved 1048576K
}
Event: 3.417 GC heap after
{Heap after GC invocations=5 (full 1):
 PSYoungGen      total 29696K, used 4075K [0x00000007eab00000, 0x00000007ecc00000, 0x0000000800000000)
  eden space 25600K, 0% used [0x00000007eab00000,0x00000007eab00000,0x00000007ec400000)
  from space 4096K, 99% used [0x00000007ec800000,0x00000007ecbfad30,0x00000007ecc00000)
  to   space 4096K, 0% used [0x00000007ec400000,0x00000007ec400000,0x00000007ec800000)
 ParOldGen       total 68608K, used 6789K [0x00000007c0000000, 0x00000007c4300000, 0x00000007eab00000)
  object space 68608K, 9% used [0x00000007c0000000,0x00000007c06a16f8,0x00000007c4300000)
 Metaspace       used 30739K, capacity 32558K, committed 32896K, reserved 1079296K
  class space    used 2978K, capacity 3648K, committed 3712K, reserved 1048576K
}
Event: 3.515 GC heap before
{Heap before GC invocations=6 (full 1):
 PSYoungGen      total 29696K, used 29675K [0x00000007eab00000, 0x00000007ecc00000, 0x0000000800000000)
  eden space 25600K, 100% used [0x00000007eab00000,0x00000007ec400000,0x00000007ec400000)
  from space 4096K, 99% used [0x00000007ec800000,0x00000007ecbfad30,0x00000007ecc00000)
  to   space 4096K, 0% used [0x00000007ec400000,0x00000007ec400000,0x00000007ec800000)
 ParOldGen       total 68608K, used 6789K [0x00000007c0000000, 0x00000007c4300000, 0x00000007eab00000)
  object space 68608K, 9% used [0x00000007c0000000,0x00000007c06a16f8,0x00000007c4300000)
 Metaspace       used 30819K, capacity 32623K, committed 32896K, reserved 1079296K
  class space    used 2982K, capacity 3648K, committed 3712K, reserved 1048576K
}
Event: 3.525 GC heap after
{Heap after GC invocations=6 (full 1):
 PSYoungGen      total 29184K, used 4091K [0x00000007eab00000, 0x00000007ed180000, 0x0000000800000000)
  eden space 25088K, 0% used [0x00000007eab00000,0x00000007eab00000,0x00000007ec380000)
  from space 4096K, 99% used [0x00000007ec400000,0x00000007ec7fed30,0x00000007ec800000)
  to   space 7168K, 0% used [0x00000007eca80000,0x00000007eca80000,0x00000007ed180000)
 ParOldGen       total 68608K, used 9061K [0x00000007c0000000, 0x00000007c4300000, 0x00000007eab00000)
  object space 68608K, 13% used [0x00000007c0000000,0x00000007c08d9708,0x00000007c4300000)
 Metaspace       used 30819K, capacity 32623K, committed 32896K, reserved 1079296K
  class space    used 2982K, capacity 3648K, committed 3712K, reserved 1048576K
}
Event: 3.609 GC heap before
{Heap before GC invocations=7 (full 1):
 PSYoungGen      total 29184K, used 29179K [0x00000007eab00000, 0x00000007ed180000, 0x0000000800000000)
  eden space 25088K, 100% used [0x00000007eab00000,0x00000007ec380000,0x00000007ec380000)
  from space 4096K, 99% used [0x00000007ec400000,0x00000007ec7fed30,0x00000007ec800000)
  to   space 7168K, 0% used [0x00000007eca80000,0x00000007eca80000,0x00000007ed180000)
 ParOldGen       total 68608K, used 9061K [0x00000007c0000000, 0x00000007c4300000, 0x00000007eab00000)
  object space 68608K, 13% used [0x00000007c0000000,0x00000007c08d9708,0x00000007c4300000)
 Metaspace       used 30920K, capacity 32751K, committed 33152K, reserved 1079296K
  class space    used 2986K, capacity 3648K, committed 3712K, reserved 1048576K
}
Event: 3.619 GC heap after
{Heap after GC invocations=7 (full 1):
 PSYoungGen      total 31232K, used 6542K [0x00000007eab00000, 0x00000007ed100000, 0x0000000800000000)
  eden space 24576K, 0% used [0x00000007eab00000,0x00000007eab00000,0x00000007ec300000)
  from space 6656K, 98% used [0x00000007eca80000,0x00000007ed0e3848,0x00000007ed100000)
  to   space 7168K, 0% used [0x00000007ec300000,0x00000007ec300000,0x00000007eca00000)
 ParOldGen       total 68608K, used 9061K [0x00000007c0000000, 0x00000007c4300000, 0x00000007eab00000)
  object space 68608K, 13% used [0x00000007c0000000,0x00000007c08d9708,0x00000007c4300000)
 Metaspace       used 30920K, capacity 32751K, committed 33152K, reserved 1079296K
  class space    used 2986K, capacity 3648K, committed 3712K, reserved 1048576K
}
Event: 3.681 GC heap before
{Heap before GC invocations=8 (full 1):
 PSYoungGen      total 31232K, used 31118K [0x00000007eab00000, 0x00000007ed100000, 0x0000000800000000)
  eden space 24576K, 100% used [0x00000007eab00000,0x00000007ec300000,0x00000007ec300000)
  from space 6656K, 98% used [0x00000007eca80000,0x00000007ed0e3848,0x00000007ed100000)
  to   space 7168K, 0% used [0x00000007ec300000,0x00000007ec300000,0x00000007eca00000)
 ParOldGen       total 68608K, used 9061K [0x00000007c0000000, 0x00000007c4300000, 0x00000007eab00000)
  object space 68608K, 13% used [0x00000007c0000000,0x00000007c08d9708,0x00000007c4300000)
 Metaspace       used 31000K, capacity 32847K, committed 33152K, reserved 1079296K
  class space    used 2994K, capacity 3680K, committed 3712K, reserved 1048576K
}
Event: 3.691 GC heap after
{Heap after GC invocations=8 (full 1):
 PSYoungGen      total 31232K, used 7147K [0x00000007eab00000, 0x00000007ed680000, 0x0000000800000000)
  eden space 24064K, 0% used [0x00000007eab00000,0x00000007eab00000,0x00000007ec280000)
  from space 7168K, 99% used [0x00000007ec300000,0x00000007ec9fad20,0x00000007eca00000)
  to   space 10240K, 0% used [0x00000007ecc80000,0x00000007ecc80000,0x00000007ed680000)
 ParOldGen       total 68608K, used 11178K [0x00000007c0000000, 0x00000007c4300000, 0x00000007eab00000)
  object space 68608K, 16% used [0x00000007c0000000,0x00000007c0aeab80,0x00000007c4300000)
 Metaspace       used 31000K, capacity 32847K, committed 33152K, reserved 1079296K
  class space    used 2994K, capacity 3680K, committed 3712K, reserved 1048576K
}
Event: 3.746 GC heap before
{Heap before GC invocations=9 (full 1):
 PSYoungGen      total 31232K, used 31211K [0x00000007eab00000, 0x00000007ed680000, 0x0000000800000000)
  eden space 24064K, 100% used [0x00000007eab00000,0x00000007ec280000,0x00000007ec280000)
  from space 7168K, 99% used [0x00000007ec300000,0x00000007ec9fad20,0x00000007eca00000)
  to   space 10240K, 0% used [0x00000007ecc80000,0x00000007ecc80000,0x00000007ed680000)
 ParOldGen       total 68608K, used 11178K [0x00000007c0000000, 0x00000007c4300000, 0x00000007eab00000)
  object space 68608K, 16% used [0x00000007c0000000,0x00000007c0aeab80,0x00000007c4300000)
 Metaspace       used 31000K, capacity 32847K, committed 33152K, reserved 1079296K
  class space    used 2994K, capacity 3680K, committed 3712K, reserved 1048576K
}
Event: 3.755 GC heap after
{Heap after GC invocations=9 (full 1):
 PSYoungGen      total 31232K, used 7250K [0x00000007eab00000, 0x00000007ed400000, 0x0000000800000000)
  eden space 23552K, 0% used [0x00000007eab00000,0x00000007eab00000,0x00000007ec200000)
  from space 7680K, 94% used [0x00000007ecc80000,0x00000007ed394b28,0x00000007ed400000)
  to   space 8192K, 0% used [0x00000007ec400000,0x00000007ec400000,0x00000007ecc00000)
 ParOldGen       total 68608K, used 13701K [0x00000007c0000000, 0x00000007c4300000, 0x00000007eab00000)
  object space 68608K, 19% used [0x00000007c0000000,0x00000007c0d61480,0x00000007c4300000)
 Metaspace       used 31000K, capacity 32847K, committed 33152K, reserved 1079296K
  class space    used 2994K, capacity 3680K, committed 3712K, reserved 1048576K
}
Event: 3.834 GC heap before
{Heap before GC invocations=10 (full 1):
 PSYoungGen      total 31232K, used 30802K [0x00000007eab00000, 0x00000007ed400000, 0x0000000800000000)
  eden space 23552K, 100% used [0x00000007eab00000,0x00000007ec200000,0x00000007ec200000)
  from space 7680K, 94% used [0x00000007ecc80000,0x00000007ed394b28,0x00000007ed400000)
  to   space 8192K, 0% used [0x00000007ec400000,0x00000007ec400000,0x00000007ecc00000)
 ParOldGen       total 68608K, used 13701K [0x00000007c0000000, 0x00000007c4300000, 0x00000007eab00000)
  object space 68608K, 19% used [0x00000007c0000000,0x00000007c0d61480,0x00000007c4300000)
 Metaspace       used 31097K, capacity 32986K, committed 33152K, reserved 1079296K
  class space    used 2999K, capacity 3683K, committed 3712K, reserved 1048576K
}
Event: 3.839 GC heap after
{Heap after GC invocations=10 (full 1):
 PSYoungGen      total 30208K, used 7136K [0x00000007eab00000, 0x00000007ed080000, 0x0000000800000000)
  eden space 23040K, 0% used [0x00000007eab00000,0x00000007eab00000,0x00000007ec180000)
  from space 7168K, 99% used [0x00000007ec400000,0x00000007ecaf8010,0x00000007ecb00000)
  to   space 5632K, 0% used [0x00000007ecb00000,0x00000007ecb00000,0x00000007ed080000)
 ParOldGen       total 68608K, used 16427K [0x00000007c0000000, 0x00000007c4300000, 0x00000007eab00000)
  object space 68608K, 23% used [0x00000007c0000000,0x00000007c100afd8,0x00000007c4300000)
 Metaspace       used 31097K, capacity 32986K, committed 33152K, reserved 1079296K
  class space    used 2999K, capacity 3683K, committed 3712K, reserved 1048576K
}
Event: 4.171 GC heap before
{Heap before GC invocations=11 (full 1):
 PSYoungGen      total 30208K, used 29976K [0x00000007eab00000, 0x00000007ed080000, 0x0000000800000000)
  eden space 23040K, 99% used [0x00000007eab00000,0x00000007ec14e2a0,0x00000007ec180000)
  from space 7168K, 99% used [0x00000007ec400000,0x00000007ecaf8010,0x00000007ecb00000)
  to   space 5632K, 0% used [0x00000007ecb00000,0x00000007ecb00000,0x00000007ed080000)
 ParOldGen       total 68608K, used 16669K [0x00000007c0000000, 0x00000007c4300000, 0x00000007eab00000)
  object space 68608K, 24% used [0x00000007c0000000,0x00000007c1047678,0x00000007c4300000)
 Metaspace       used 31988K, capacity 34041K, committed 34304K, reserved 1079296K
  class space    used 3077K, capacity 3804K, committed 3840K, reserved 1048576K
}
Event: 4.176 GC heap after
{Heap after GC invocations=11 (full 1):
 PSYoungGen      total 27136K, used 3590K [0x00000007eab00000, 0x00000007ecf00000, 0x0000000800000000)
  eden space 23040K, 0% used [0x00000007eab00000,0x00000007eab00000,0x00000007ec180000)
  from space 4096K, 87% used [0x00000007ecb00000,0x00000007ece81ac0,0x00000007ecf00000)
  to   space 5120K, 0% used [0x00000007ec500000,0x00000007ec500000,0x00000007eca00000)
 ParOldGen       total 68608K, used 21155K [0x00000007c0000000, 0x00000007c4300000, 0x00000007eab00000)
  object space 68608K, 30% used [0x00000007c0000000,0x00000007c14a8fb0,0x00000007c4300000)
 Metaspace       used 31988K, capacity 34041K, committed 34304K, reserved 1079296K
  class space    used 3077K, capacity 3804K, committed 3840K, reserved 1048576K
}
Event: 4.253 GC heap before
{Heap before GC invocations=12 (full 1):
 PSYoungGen      total 27136K, used 7928K [0x00000007eab00000, 0x00000007ecf00000, 0x0000000800000000)
  eden space 23040K, 18% used [0x00000007eab00000,0x00000007eaf3c6e0,0x00000007ec180000)
  from space 4096K, 87% used [0x00000007ecb00000,0x00000007ece81ac0,0x00000007ecf00000)
  to   space 5120K, 0% used [0x00000007ec500000,0x00000007ec500000,0x00000007eca00000)
 ParOldGen       total 68608K, used 21155K [0x00000007c0000000, 0x00000007c4300000, 0x00000007eab00000)
  object space 68608K, 30% used [0x00000007c0000000,0x00000007c14a8fb0,0x00000007c4300000)
 Metaspace       used 33231K, capacity 35225K, committed 35416K, reserved 1081344K
  class space    used 3160K, capacity 3900K, committed 3968K, reserved 1048576K
}
Event: 4.257 GC heap after
{Heap after GC invocations=12 (full 1):
 PSYoungGen      total 24064K, used 677K [0x00000007eab00000, 0x00000007ecb80000, 0x0000000800000000)
  eden space 23040K, 0% used [0x00000007eab00000,0x00000007eab00000,0x00000007ec180000)
  from space 1024K, 66% used [0x00000007ec500000,0x00000007ec5a9450,0x00000007ec600000)
  to   space 2048K, 0% used [0x00000007ec980000,0x00000007ec980000,0x00000007ecb80000)
 ParOldGen       total 68608K, used 24355K [0x00000007c0000000, 0x00000007c4300000, 0x00000007eab00000)
  object space 68608K, 35% used [0x00000007c0000000,0x00000007c17c8d30,0x00000007c4300000)
 Metaspace       used 33231K, capacity 35225K, committed 35416K, reserved 1081344K
  class space    used 3160K, capacity 3900K, committed 3968K, reserved 1048576K
}
Event: 4.257 GC heap before
{Heap before GC invocations=13 (full 2):
 PSYoungGen      total 24064K, used 677K [0x00000007eab00000, 0x00000007ecb80000, 0x0000000800000000)
  eden space 23040K, 0% used [0x00000007eab00000,0x00000007eab00000,0x00000007ec180000)
  from space 1024K, 66% used [0x00000007ec500000,0x00000007ec5a9450,0x00000007ec600000)
  to   space 2048K, 0% used [0x00000007ec980000,0x00000007ec980000,0x00000007ecb80000)
 ParOldGen       total 68608K, used 24355K [0x00000007c0000000, 0x00000007c4300000, 0x00000007eab00000)
  object space 68608K, 35% used [0x00000007c0000000,0x00000007c17c8d30,0x00000007c4300000)
 Metaspace       used 33231K, capacity 35225K, committed 35416K, reserved 1081344K
  class space    used 3160K, capacity 3900K, committed 3968K, reserved 1048576K
}
Event: 4.324 GC heap after
{Heap after GC invocations=13 (full 2):
 PSYoungGen      total 24064K, used 0K [0x00000007eab00000, 0x00000007ecb80000, 0x0000000800000000)
  eden space 23040K, 0% used [0x00000007eab00000,0x00000007eab00000,0x00000007ec180000)
  from space 1024K, 0% used [0x00000007ec500000,0x00000007ec500000,0x00000007ec600000)
  to   space 2048K, 0% used [0x00000007ec980000,0x00000007ec980000,0x00000007ecb80000)
 ParOldGen       total 68608K, used 22388K [0x00000007c0000000, 0x00000007c4300000, 0x00000007eab00000)
  object space 68608K, 32% used [0x00000007c0000000,0x00000007c15dd150,0x00000007c4300000)
 Metaspace       used 33227K, capacity 35219K, committed 35416K, reserved 1081344K
  class space    used 3159K, capacity 3898K, committed 3968K, reserved 1048576K
}

